C51 COMPILER V9.60.7.0   MAIN                                                              01/11/2025 16:50:17 PAGE 1   


C51 COMPILER V9.60.7.0, COMPILATION OF MODULE MAIN
OBJECT MODULE PLACED IN .\Objects\main.obj
COMPILER INVOKED BY: D:\KeilSTM32\C51\BIN\C51.EXE main.c ROM(COMPACT) OPTIMIZE(8,SPEED) BROWSE INCDIR(D:\keil_v5\C51\INC
                    -\STC) DEBUG OBJECTEXTEND PRINT(.\Listings\main.lst) TABS(2) OBJECT(.\Objects\main.obj)

line level    source

   1          #include "Config.h"
   2          #include "GPIO.h"
   3          #include "UART.h"
   4          #include "NVIC.h"
   5          #include "Delay.h"
   6          #define KEY P24
   7          #define LED P40
   8          #define Comand_Lenth 8
   9          void GPIO_config(void)
  10          {
  11   1        GPIO_InitTypeDef GPIO_InitStructure;
  12   1        GPIO_InitTypeDef GPIO_InitStructure1;
  13   1        GPIO_InitStructure.Pin = GPIO_Pin_0 | GPIO_Pin_1;
  14   1        GPIO_InitStructure.Mode = GPIO_PullUp;
  15   1        GPIO_Inilize(GPIO_P3, &GPIO_InitStructure);
  16   1        // P4.0 For LED
  17   1        GPIO_Inilize(GPIO_P4, &GPIO_InitStructure);
  18   1        // P2.4 For Key
  19   1      
  20   1        GPIO_InitStructure1.Pin = GPIO_Pin_4;
  21   1        GPIO_InitStructure1.Mode = GPIO_PullUp;
  22   1        GPIO_Inilize(GPIO_P2, &GPIO_InitStructure1);
  23   1      }
  24          
  25          void UART_config(void)
  26          {
  27   1        COMx_InitDefine COMx_InitStructure;
  28   1      
  29   1        COMx_InitStructure.UART_Mode = UART_8bit_BRTx;
  30   1        COMx_InitStructure.UART_BRT_Use = BRT_Timer1;
  31   1        COMx_InitStructure.UART_BaudRate = 115200ul;
  32   1        COMx_InitStructure.UART_RxEnable = ENABLE;
  33   1        COMx_InitStructure.BaudRateDouble = DISABLE;
  34   1        UART_Configuration(UART1, &COMx_InitStructure);
  35   1        NVIC_UART1_Init(ENABLE, Priority_1);
  36   1      
  37   1        // UART1_SW(UART1_SW_P30_P31);    //UART1_SW_P30_P31,UART1_SW_P36_P37,UART1_SW_P16_P17,UART1_SW_P43_P44
  38   1      }
  39          void on_uart_recv()
  40          {
  41   1        u8 i;
  42   1        for (i = 0; i < COM1.RX_Cnt; i++)
  43   1        {
  44   2          u8 dat = RX1_Buffer[i];
  45   2          TX1_write2buff(dat);
  46   2        }
  47   1      }
  48          void MQTT_publish(char *command, char *payload)
  49          {
  50   1        u8 j;
  51   1        PrintString1(command);
  52   1        for (j = 0; j < 16; j++)
  53   1          delay_ms(200);
  54   1        PrintString1(payload);
C51 COMPILER V9.60.7.0   MAIN                                                              01/11/2025 16:50:17 PAGE 2   

  55   1      }
  56          void MQTT_connect(char *atCommands[])
  57          {
  58   1        u8 j;
  59   1        u8 i;
  60   1        for (i = 0; i < Comand_Lenth; i++)
  61   1        {
  62   2          PrintString1(atCommands[i]);
  63   2          for (j = 0; j < 8; j++)
  64   2            delay_ms(200);
  65   2        }
  66   1      }
  67          void main(void)
  68          {
  69   1        static char *atCommands[] = {
  70   1          "AT+RST\r\n",
  71   1          "ATE0\r\n",
  72   1          "AT+CWMODE=3\r\n",
  73   1          "AT+CWJAP=\"huawei123\",\"111222333\"\r\n",
  74   1          "AT+MQTTUSERCFG=0,1,\"NULL\",\"test&k207iDLZRHX\",\"554aabac8df975d9dd4fee00341af1c60807ae11a1b924cd7fe6
             -b98378b3e7fc\",0,0,\"\"\r\n",
  75   1          "AT+MQTTCLIENTID=0,\"k207iDLZRHX.test|securemode=2\\,signmethod=hmacsha256\\,timestamp=1736345621897|\"\
             -r\n",
  76   1          "AT+MQTTCONN=0,\"iot-06z00bb9fyfyeq7.mqtt.iothub.aliyuncs.com\",1883,1\r\n",
  77   1          "AT+MQTTSUB=0,\"/k207iDLZRHX/test/user/led\",1\r\n",
  78   1        };
  79   1        u8 temp = 0xFF;
  80   1        u8 cmp = 0x00;
  81   1        char *publish = "AT+MQTTPUBRAW=0,\"/k207iDLZRHX/test/user/led\",28,1,0\r\n";
  82   1        char payload[40];
  83   1        GPIO_config();
  84   1        UART_config();
  85   1        ES = 1;
  86   1        EA = 1;
  87   1        KEY = 1;
  88   1        LED = 1;
  89   1        PrintString1("hello world");
  90   1        MQTT_connect(atCommands);
  91   1        while (1)
  92   1        {
  93   2          temp = func();
  94   2          if (temp != 0xFF)
  95   2          {
  96   3            if (temp == '0')
  97   3              LED = 0;
  98   3            else
  99   3              LED = 1;
 100   3          }
 101   2      
 102   2          if (!KEY)
 103   2          {
 104   3            int i = 1;
 105   3            LED = !LED;
 106   3            if (LED)
 107   3              i = 0;
 108   3            delay_ms(250);
 109   3            sprintf(payload, "{\"params\":{\"LightSwitch\":%d}}", i);
 110   3            // PrintString1(payload);
 111   3            MQTT_publish(publish, payload);
 112   3          }
 113   2        }
 114   1      }
C51 COMPILER V9.60.7.0   MAIN                                                              01/11/2025 16:50:17 PAGE 3   



MODULE INFORMATION:   STATIC OVERLAYABLE
   CODE SIZE        =    341    ----
   CONSTANT SIZE    =    499    ----
   XDATA SIZE       =   ----    ----
   PDATA SIZE       =   ----    ----
   DATA SIZE        =     24      74
   IDATA SIZE       =   ----    ----
   BIT SIZE         =   ----    ----
END OF MODULE INFORMATION.


C51 COMPILATION COMPLETE.  0 WARNING(S),  0 ERROR(S)
